Aug 21, 2025 9:01:22 AM liquibase.changelog
INFO: Reading resource: db.changelog/migrations/db.changelog-202508191809.sql
Aug 21, 2025 9:01:22 AM liquibase.changelog
INFO: Reading resource: db.changelog/migrations/db.changelog-202508210737.sql
Aug 21, 2025 9:01:22 AM liquibase.changelog
INFO: Reading resource: db.changelog/migrations/db.changelog-202508210806.sql
Aug 21, 2025 9:01:22 AM liquibase.changelog
INFO: Reading resource: db.changelog/migrations/db.changelog-202508210812.sql
Aug 21, 2025 9:01:22 AM liquibase.changelog
INFO: Reading from board.DATABASECHANGELOG
Aug 21, 2025 9:01:22 AM liquibase.lockservice
INFO: Successfully acquired change log lock
Aug 21, 2025 9:01:23 AM liquibase.command
INFO: Using deploymentId: 5777683003
Aug 21, 2025 9:01:23 AM liquibase.changelog
INFO: Reading from board.DATABASECHANGELOG
Running Changeset: db.changelog/migrations/db.changelog-202508210737.sql::202508210737::juliano
Aug 21, 2025 9:01:27 AM liquibase.changelog
INFO: Custom SQL executed
Aug 21, 2025 9:01:27 AM liquibase.changelog
INFO: ChangeSet db.changelog/migrations/db.changelog-202508210737.sql::202508210737::juliano ran successfully in 4635ms
Running Changeset: db.changelog/migrations/db.changelog-202508210806.sql::202508210806::juliano
Aug 21, 2025 9:01:31 AM liquibase.changelog
INFO: Custom SQL executed
Aug 21, 2025 9:01:31 AM liquibase.changelog
INFO: ChangeSet db.changelog/migrations/db.changelog-202508210806.sql::202508210806::juliano ran successfully in 3008ms
Running Changeset: db.changelog/migrations/db.changelog-202508210812.sql::202508210812::juliano
Aug 21, 2025 9:01:36 AM liquibase.changelog
INFO: Custom SQL executed
Aug 21, 2025 9:01:36 AM liquibase.changelog
INFO: ChangeSet db.changelog/migrations/db.changelog-202508210812.sql::202508210812::juliano ran successfully in 3984ms

UPDATE SUMMARY
Run:                          3
Previously run:               1
Filtered out:                 0
-------------------------------
Total change sets:            4

Aug 21, 2025 9:01:36 AM liquibase.util
INFO: UPDATE SUMMARY
Aug 21, 2025 9:01:36 AM liquibase.util
INFO: Run:                          3
Aug 21, 2025 9:01:36 AM liquibase.util
INFO: Previously run:               1
Aug 21, 2025 9:01:36 AM liquibase.util
INFO: Filtered out:                 0
Aug 21, 2025 9:01:36 AM liquibase.util
INFO: -------------------------------
Aug 21, 2025 9:01:36 AM liquibase.util
INFO: Total change sets:            4
Aug 21, 2025 9:01:36 AM liquibase.util
INFO: Update summary generated
Aug 21, 2025 9:01:36 AM liquibase.command
INFO: Update command completed successfully.
Liquibase: Update has been successful. Rows affected: 3
Aug 21, 2025 9:01:37 AM liquibase.lockservice
INFO: Successfully released change log lock
Aug 21, 2025 9:01:37 AM liquibase.command
INFO: Command execution complete
